<?xml version="1.0" encoding="UTF-8"?>
<!-- Generated by org.testng.reporters.JUnitReportReporter -->
<testsuite hostname="LAPTOP-2TIST1MG" failures="0" tests="3" name="rough.TestDBConnection" time="0.626" errors="0" timestamp="24 Dec 2022 18:01:58 GMT" skipped="0">
  <testcase classname="rough.TestDBConnection" name="test1" time="0.174"/>
  <testcase classname="rough.TestDBConnection" name="test1" time="0.226"/>
  <testcase classname="rough.TestDBConnection" name="test1" time="0.226"/>
</testsuite> <!-- rough.TestDBConnection -->
